Compiling the C compiler identification source file "CMakeCCompilerId.c" failed.
Compiler: /usr/bin/gcc 
Build flags: 
Id flags: 

The output was:
1
gcc: error trying to exec 'as': execvp: No such file or directory


Compiling the C compiler identification source file "CMakeCCompilerId.c" failed.
Compiler: /usr/bin/gcc 
Build flags: 
Id flags: -c

The output was:
1
gcc: error trying to exec 'as': execvp: No such file or directory


Compiling the C compiler identification source file "CMakeCCompilerId.c" failed.
Compiler: /usr/bin/gcc 
Build flags: 
Id flags: -Aa

The output was:
1
<command-line>: error: missing '(' after predicate


Determining if the C compiler works failed with the following output:
Change Dir: /home/kook/lemon/s3d-0.2.1.1/CMakeFiles/CMakeTmp

Run Build Command:/usr/bin/gmake "cmTryCompileExec/fast"
/usr/bin/gmake -f CMakeFiles/cmTryCompileExec.dir/build.make CMakeFiles/cmTryCompileExec.dir/build
gmake[1]: Entering directory `/home/kook/lemon/s3d-0.2.1.1/CMakeFiles/CMakeTmp'
/usr/bin/cmake -E cmake_progress_report /home/kook/lemon/s3d-0.2.1.1/CMakeFiles/CMakeTmp/CMakeFiles 1
Building C object CMakeFiles/cmTryCompileExec.dir/testCCompiler.c.o
/usr/bin/gcc    -o CMakeFiles/cmTryCompileExec.dir/testCCompiler.c.o   -c /home/kook/lemon/s3d-0.2.1.1/CMakeFiles/CMakeTmp/testCCompiler.c
gcc: error trying to exec 'as': execvp: No such file or directory
gmake[1]: Leaving directory `/home/kook/lemon/s3d-0.2.1.1/CMakeFiles/CMakeTmp'
gmake[1]: *** [CMakeFiles/cmTryCompileExec.dir/testCCompiler.c.o] Error 1
gmake: *** [cmTryCompileExec/fast] Error 2


Determining if the C compiler works failed with the following output:
Change Dir: /home/kook/lemon/s3d-0.2.1.1/CMakeFiles/CMakeTmp

Run Build Command:/usr/bin/gmake "cmTryCompileExec/fast"
No such file or directory
Generator: execution of make failed. Make command was: /usr/bin/gmake "cmTryCompileExec/fast"


Determining if the C compiler works failed with the following output:
Change Dir: /home/kook/lemon/s3d-0.2.1.1/CMakeFiles/CMakeTmp

Run Build Command:/usr/bin/gmake "cmTryCompileExec/fast"
No such file or directory
Generator: execution of make failed. Make command was: /usr/bin/gmake "cmTryCompileExec/fast"


Determining if the C compiler works failed with the following output:
Change Dir: /home/kook/lemon/s3d-0.2.1.1/CMakeFiles/CMakeTmp

Run Build Command:/usr/bin/gmake "cmTryCompileExec/fast"
No such file or directory
Generator: execution of make failed. Make command was: /usr/bin/gmake "cmTryCompileExec/fast"


Determining if the C compiler works failed with the following output:
Change Dir: /home/kook/lemon/s3d-0.2.1.1/CMakeFiles/CMakeTmp

Run Build Command:/usr/bin/gmake "cmTryCompileExec/fast"
No such file or directory
Generator: execution of make failed. Make command was: /usr/bin/gmake "cmTryCompileExec/fast"


Determining if the function pthread_create exists in the pthreads failed with the following output:
Change Dir: /home/kook/lemon/s3d-0.2.1.1/CMakeFiles/CMakeTmp

Run Build Command:/usr/bin/make "cmTryCompileExec/fast"
/usr/bin/make -f CMakeFiles/cmTryCompileExec.dir/build.make CMakeFiles/cmTryCompileExec.dir/build
make[1]: Entering directory `/home/kook/lemon/s3d-0.2.1.1/CMakeFiles/CMakeTmp'
/usr/bin/cmake -E cmake_progress_report /home/kook/lemon/s3d-0.2.1.1/CMakeFiles/CMakeTmp/CMakeFiles 1
Building C object CMakeFiles/cmTryCompileExec.dir/CheckFunctionExists.c.o
/usr/bin/gcc   -DCHECK_FUNCTION_EXISTS=pthread_create   -o CMakeFiles/cmTryCompileExec.dir/CheckFunctionExists.c.o   -c /usr/share/cmake-2.6/Modules/CheckFunctionExists.c
Linking C executable cmTryCompileExec
/usr/bin/cmake -E cmake_link_script CMakeFiles/cmTryCompileExec.dir/link.txt --verbose=1
/usr/bin/gcc     -DCHECK_FUNCTION_EXISTS=pthread_create   CMakeFiles/cmTryCompileExec.dir/CheckFunctionExists.c.o  -o cmTryCompileExec -rdynamic -lpthreads 
make[1]: Leaving directory `/home/kook/lemon/s3d-0.2.1.1/CMakeFiles/CMakeTmp'
/usr/bin/ld: cannot find -lpthreads
collect2: ld returned 1 exit status
make[1]: *** [cmTryCompileExec] Error 1
make: *** [cmTryCompileExec/fast] Error 2


Performing C SOURCE FILE Test UNUSEDPARAM_OMIT failed with the following output:
Change Dir: /home/kook/lemon/s3d-0.2.1.1/CMakeFiles/CMakeTmp

Run Build Command:/usr/bin/make "cmTryCompileExec/fast"
/usr/bin/make -f CMakeFiles/cmTryCompileExec.dir/build.make CMakeFiles/cmTryCompileExec.dir/build
make[1]: Entering directory `/home/kook/lemon/s3d-0.2.1.1/CMakeFiles/CMakeTmp'
/usr/bin/cmake -E cmake_progress_report /home/kook/lemon/s3d-0.2.1.1/CMakeFiles/CMakeTmp/CMakeFiles 1
Building C object CMakeFiles/cmTryCompileExec.dir/src.c.o
/usr/bin/gcc   -DUNUSEDPARAM_OMIT   -o CMakeFiles/cmTryCompileExec.dir/src.c.o   -c /home/kook/lemon/s3d-0.2.1.1/CMakeFiles/CMakeTmp/src.c
make[1]: Leaving directory `/home/kook/lemon/s3d-0.2.1.1/CMakeFiles/CMakeTmp'
/home/kook/lemon/s3d-0.2.1.1/CMakeFiles/CMakeTmp/src.c: In function ‘main’:
/home/kook/lemon/s3d-0.2.1.1/CMakeFiles/CMakeTmp/src.c:1: error: parameter name omitted
/home/kook/lemon/s3d-0.2.1.1/CMakeFiles/CMakeTmp/src.c:1: error: parameter name omitted
make[1]: *** [CMakeFiles/cmTryCompileExec.dir/src.c.o] Error 1
make: *** [cmTryCompileExec/fast] Error 2

Source file was:
int main(int, char *[]) { return 0; }
